0 info it worked if it ends with ok
1 verbose cli [ '/opt/nodejs/bin/node', '/usr/bin/npm', 'run', 'test' ]
2 info using npm@3.10.10
3 info using node@v6.11.1
4 verbose run-script [ 'pretest', 'test', 'posttest' ]
5 info lifecycle simple-router@1.0.0~pretest: simple-router@1.0.0
6 silly lifecycle simple-router@1.0.0~pretest: no script for pretest, continuing
7 info lifecycle simple-router@1.0.0~test: simple-router@1.0.0
8 verbose lifecycle simple-router@1.0.0~test: unsafe-perm in lifecycle true
9 verbose lifecycle simple-router@1.0.0~test: PATH: /opt/nodejs/lib/node_modules/npm/bin/node-gyp-bin:/home/brzez/workspace/simple-router/node_modules/.bin:/opt/nodejs/bin:/usr/local/sbin:/usr/local/bin:/usr/sbin:/usr/bin:/sbin:/bin:/usr/games:/usr/local/games:/snap/bin
10 verbose lifecycle simple-router@1.0.0~test: CWD: /home/brzez/workspace/simple-router
11 silly lifecycle simple-router@1.0.0~test: Args: [ '-c', 'mocha -r ts-node/register lib/**/test.ts' ]
12 silly lifecycle simple-router@1.0.0~test: Returned: code: 3  signal: null
13 info lifecycle simple-router@1.0.0~test: Failed to exec test script
14 verbose stack Error: simple-router@1.0.0 test: `mocha -r ts-node/register lib/**/test.ts`
14 verbose stack Exit status 3
14 verbose stack     at EventEmitter.<anonymous> (/opt/nodejs/lib/node_modules/npm/lib/utils/lifecycle.js:255:16)
14 verbose stack     at emitTwo (events.js:106:13)
14 verbose stack     at EventEmitter.emit (events.js:191:7)
14 verbose stack     at ChildProcess.<anonymous> (/opt/nodejs/lib/node_modules/npm/lib/utils/spawn.js:40:14)
14 verbose stack     at emitTwo (events.js:106:13)
14 verbose stack     at ChildProcess.emit (events.js:191:7)
14 verbose stack     at maybeClose (internal/child_process.js:891:16)
14 verbose stack     at Process.ChildProcess._handle.onexit (internal/child_process.js:226:5)
15 verbose pkgid simple-router@1.0.0
16 verbose cwd /home/brzez/workspace/simple-router
17 error Linux 4.10.0-37-generic
18 error argv "/opt/nodejs/bin/node" "/usr/bin/npm" "run" "test"
19 error node v6.11.1
20 error npm  v3.10.10
21 error code ELIFECYCLE
22 error simple-router@1.0.0 test: `mocha -r ts-node/register lib/**/test.ts`
22 error Exit status 3
23 error Failed at the simple-router@1.0.0 test script 'mocha -r ts-node/register lib/**/test.ts'.
23 error Make sure you have the latest version of node.js and npm installed.
23 error If you do, this is most likely a problem with the simple-router package,
23 error not with npm itself.
23 error Tell the author that this fails on your system:
23 error     mocha -r ts-node/register lib/**/test.ts
23 error You can get information on how to open an issue for this project with:
23 error     npm bugs simple-router
23 error Or if that isn't available, you can get their info via:
23 error     npm owner ls simple-router
23 error There is likely additional logging output above.
24 verbose exit [ 1, true ]
